SF:lib/bloc/to_do_bloc.dart
DA:12,0
DA:13,0
DA:18,0
DA:19,0
DA:24,0
DA:25,0
DA:34,0
DA:35,0
DA:38,1
DA:39,4
DA:40,1
DA:41,4
DA:45,0
DA:46,0
DA:47,0
DA:48,0
DA:52,0
DA:53,0
DA:54,0
DA:55,0
DA:59,1
DA:60,3
DA:61,1
DA:64,1
DA:65,3
DA:66,1
DA:69,0
DA:70,0
DA:71,0
DA:74,1
DA:76,1
DA:77,1
DA:79,0
DA:80,0
DA:82,0
DA:83,0
DA:88,0
DA:89,0
DA:92,0
DA:94,0
DA:95,0
LF:41
LH:13
end_of_record
SF:lib/models/todo_task.dart
DA:6,0
DA:8,0
DA:9,0
DA:10,0
DA:11,0
DA:12,0
LF:6
LH:0
end_of_record
SF:lib/database/database_provider.dart
DA:17,1
DA:19,2
DA:21,0
DA:22,0
DA:25,1
DA:26,1
DA:27,4
DA:29,2
DA:30,3
DA:31,2
DA:32,3
DA:34,4
DA:35,1
DA:38,1
DA:39,1
DA:40,6
DA:44,0
DA:45,0
DA:46,0
DA:51,0
DA:52,0
DA:53,0
DA:58,1
DA:59,8
DA:62,0
DA:63,0
DA:64,0
DA:67,1
DA:68,3
LF:29
LH:18
end_of_record
SF:lib/models/tasks.dart
DA:8,1
DA:19,0
DA:21,0
DA:25,0
DA:26,0
DA:27,0
DA:28,0
DA:29,0
LF:8
LH:1
end_of_record
SF:lib/models/tasks.g.dart
DA:13,1
DA:15,1
DA:16,1
DA:17,5
DA:19,1
DA:20,1
DA:21,1
DA:22,2
DA:25,1
DA:28,1
DA:29,1
DA:30,2
DA:31,1
DA:32,2
DA:33,1
DA:34,2
DA:37,0
DA:38,0
DA:40,0
DA:43,0
DA:44,0
DA:45,0
LF:22
LH:16
end_of_record
SF:lib/repository/to_do_task_repository.dart
DA:8,1
DA:9,3
DA:12,1
DA:13,3
DA:16,0
DA:17,0
DA:20,0
DA:21,0
DA:24,1
DA:25,3
DA:28,0
DA:29,0
DA:32,0
DA:33,0
LF:14
LH:6
end_of_record
